{"/Users/germanbonin/Desktop/Code/wonderland/hyperhub/packages/serverless/src/index.ts": {"path":"/Users/germanbonin/Desktop/Code/wonderland/hyperhub/packages/serverless/src/index.ts","all":true,"statementMap":{"0":{"start":{"line":1,"column":0},"end":{"line":1,"column":52}}},"s":{"0":0},"branchMap":{"0":{"type":"branch","line":1,"loc":{"start":{"line":1,"column":0},"end":{"line":1,"column":52}},"locations":[{"start":{"line":1,"column":0},"end":{"line":1,"column":52}}]}},"b":{"0":[0]},"fnMap":{"0":{"name":"(empty-report)","decl":{"start":{"line":1,"column":0},"end":{"line":1,"column":52}},"loc":{"start":{"line":1,"column":0},"end":{"line":1,"column":52}},"line":1}},"f":{"0":0}}
,"/Users/germanbonin/Desktop/Code/wonderland/hyperhub/packages/serverless/src/handlers/exampleHandler.ts": {"path":"/Users/germanbonin/Desktop/Code/wonderland/hyperhub/packages/serverless/src/handlers/exampleHandler.ts","all":true,"statementMap":{"0":{"start":{"line":1,"column":0},"end":{"line":1,"column":46}},"1":{"start":{"line":2,"column":0},"end":{"line":2,"column":0}},"2":{"start":{"line":3,"column":0},"end":{"line":3,"column":69}},"3":{"start":{"line":4,"column":0},"end":{"line":4,"column":7}},"4":{"start":{"line":5,"column":0},"end":{"line":5,"column":12}},"5":{"start":{"line":6,"column":0},"end":{"line":6,"column":22}},"6":{"start":{"line":7,"column":0},"end":{"line":7,"column":28}},"7":{"start":{"line":8,"column":0},"end":{"line":8,"column":20}},"8":{"start":{"line":9,"column":0},"end":{"line":9,"column":21}},"9":{"start":{"line":10,"column":0},"end":{"line":10,"column":9}},"10":{"start":{"line":11,"column":0},"end":{"line":11,"column":6}},"11":{"start":{"line":12,"column":0},"end":{"line":12,"column":19}},"12":{"start":{"line":13,"column":0},"end":{"line":13,"column":39}},"13":{"start":{"line":14,"column":0},"end":{"line":14,"column":3}},"14":{"start":{"line":15,"column":0},"end":{"line":15,"column":2}}},"s":{"0":0,"1":0,"2":0,"3":0,"4":0,"5":0,"6":0,"7":0,"8":0,"9":0,"10":0,"11":0,"12":0,"13":0,"14":0},"branchMap":{"0":{"type":"branch","line":1,"loc":{"start":{"line":1,"column":317},"end":{"line":15,"column":2}},"locations":[{"start":{"line":1,"column":317},"end":{"line":15,"column":2}}]}},"b":{"0":[0]},"fnMap":{"0":{"name":"(empty-report)","decl":{"start":{"line":1,"column":317},"end":{"line":15,"column":2}},"loc":{"start":{"line":1,"column":317},"end":{"line":15,"column":2}},"line":1}},"f":{"0":0}}
}
